<?xml version="1.0" encoding="UTF-8"?>
<!-- Generated by org.testng.reporters.JUnitReportReporter -->
<testsuite hostname="DESKTOP-U3S0M86" failures="0" tests="1" name="ajinkya.Aju" time="0.014" errors="0" timestamp="2023-02-03T18:56:03 IST" skipped="0">
  <testcase classname="ajinkya.Aju" name="trst" time="0.014"/>
  <system-out/>
</testsuite> <!-- ajinkya.Aju -->
