<?xml version="1.0" encoding="UTF-8"?>
<!-- Generated by org.testng.reporters.JUnitReportReporter -->
<testsuite hostname="DESKTOP-7MK4EF7" failures="0" tests="1" name="test.LoginPageTest" time="62.929" errors="0" timestamp="2023-01-11T17:55:27 IST" skipped="0">
  <testcase classname="test.LoginPageTest" name="loginTest" time="62.929"/>
  <system-out/>
</testsuite> <!-- test.LoginPageTest -->
