<?xml version="1.0" encoding="UTF-8"?>
<!-- Generated by org.testng.reporters.JUnitReportReporter -->
<testsuite hostname="DESKTOP-U3S0M86" failures="0" tests="3" name="test.HomePageTest" time="59.711" errors="0" timestamp="2023-02-03T18:06:17 IST" skipped="0">
  <testcase classname="test.HomePageTest" name="validateUserBtn" time="20.671"/>
  <system-out/>
  <testcase classname="test.HomePageTest" name="validateCorporateBtn" time="21.909"/>
  <system-out/>
  <testcase classname="test.HomePageTest" name="validateLogoutTest" time="17.131"/>
  <system-out/>
</testsuite> <!-- test.HomePageTest -->
