<?xml version="1.0" encoding="UTF-8"?>
<!-- Generated by org.testng.reporters.JUnitReportReporter -->
<testsuite hostname="DESKTOP-U3S0M86" failures="0" tests="4" name="test.EntitiesPageTest" time="78.557" errors="0" timestamp="2023-02-02T16:00:43 IST" skipped="0">
  <testcase classname="test.EntitiesPageTest" name="entities_search_test" time="19.335"/>
  <system-out/>
  <testcase classname="test.EntitiesPageTest" name="logo_test" time="14.774"/>
  <system-out/>
  <testcase classname="test.EntitiesPageTest" name="logout_action_test" time="10.519"/>
  <system-out/>
  <testcase classname="test.EntitiesPageTest" name="proceedbtn_click_test" time="33.929"/>
  <system-out/>
</testsuite> <!-- test.EntitiesPageTest -->
