<?xml version="1.0" encoding="UTF-8"?>
<!-- Generated by org.testng.reporters.JUnitReportReporter -->
<testsuite hostname="DESKTOP-U3S0M86" failures="0" tests="8" name="test.LoginPageTest" time="60.610" errors="0" timestamp="2023-02-03T18:06:17 IST" skipped="0">
  <testcase classname="test.LoginPageTest" name="validateLoginWithValidCre" time="9.583"/>
  <system-out/>
  <testcase classname="test.LoginPageTest" name="validateLoginWithInvPass" time="6.377"/>
  <system-out/>
  <testcase classname="test.LoginPageTest" name="validateLoginWithInvUn" time="5.403"/>
  <system-out/>
  <testcase classname="test.LoginPageTest" name="validateLoginWithInvUNandPWD" time="6.704"/>
  <system-out/>
  <testcase classname="test.LoginPageTest" name="validateForgotPwd" time="8.112"/>
  <system-out/>
  <testcase classname="test.LoginPageTest" name="validateAccountLockedBtn" time="7.299"/>
  <system-out/>
  <testcase classname="test.LoginPageTest" name="validateLoginByGmail" time="10.801"/>
  <system-out/>
  <testcase classname="test.LoginPageTest" name="validateLoginHelp" time="6.331"/>
  <system-out/>
</testsuite> <!-- test.LoginPageTest -->
