<?xml version="1.0" encoding="UTF-8"?>
<!-- Generated by org.testng.reporters.JUnitReportReporter -->
<testsuite hostname="DESKTOP-U3S0M86" failures="0" tests="5" name="test.LoginPageTest" time="52.076" errors="0" timestamp="2023-02-03T16:20:47 IST" skipped="0">
  <testcase classname="test.LoginPageTest" name="validateLoginWithValidCre" time="16.155"/>
  <system-out/>
  <testcase classname="test.LoginPageTest" name="validateLoginWithInvPass" time="11.793"/>
  <system-out/>
  <testcase classname="test.LoginPageTest" name="validateLoginWithInvUn" time="9.221"/>
  <system-out/>
  <testcase classname="test.LoginPageTest" name="validateLoginWithInvUNandPWD" time="8.381"/>
  <system-out/>
  <testcase classname="test.LoginPageTest" name="validateLoginHelp" time="6.526"/>
  <system-out/>
</testsuite> <!-- test.LoginPageTest -->
