<?xml version="1.0" encoding="UTF-8"?>
<!-- Generated by org.testng.reporters.JUnitReportReporter -->
<testsuite hostname="DESKTOP-U3S0M86" failures="0" tests="12" name="test.UserPageTest" time="35.356" errors="1" timestamp="2023-02-03T19:42:29 IST" skipped="9">
  <testcase classname="test.UserPageTest" name="init" time="19.662">
    <error message="element click intercepted: Element &lt;button id=&quot;btnAddUser&quot; style=&quot;height: 30px; margin-left: 20px; float: right;&quot;&gt;...&lt;/button&gt; is not clickable at point (982, 148). Other element would receive the click: &lt;div id=&quot;loader&quot; class=&quot;overlay-class&quot; style=&quot;display: block;&quot;&gt;...&lt;/div&gt;
  (Session info: chrome=109.0.5414.120)
Build info: version: &#039;4.7.2&#039;, revision: &#039;4d4020c3b7&#039;
System info: os.name: &#039;Windows 10&#039;, os.arch: &#039;amd64&#039;, os.version: &#039;10.0&#039;, java.version: &#039;17.0.5&#039;
Driver info: org.openqa.selenium.chrome.ChromeDriver
Command: [426f6dfcd2a39c938fc8352fd2e03d3a, clickElement {id=b24a9c0f-cb43-4340-859b-b759cb8b819e}]
Capabilities {acceptInsecureCerts: false, browserName: chrome, browserVersion: 109.0.5414.120, chrome: {chromedriverVersion: 109.0.5414.74 (e7c5703604da..., userDataDir: C:\Users\AJINKY~1\AppData\L...}, goog:chromeOptions: {debuggerAddress: localhost:50131}, networkConnectionEnabled: false, pageLoadStrategy: normal, platformName: WINDOWS, proxy: Proxy(), se:cdp: ws://localhost:50131/devtoo..., se:cdpVersion: 109.0.5414.120, setWindowRect: true, strictFileInteractability: false, timeouts: {implicit: 0, pageLoad: 300000, script: 30000}, unhandledPromptBehavior: dismiss and notify, webauthn:extension:credBlob: true, webauthn:extension:largeBlob: true, webauthn:virtualAuthenticators: true}
Element: [[ChromeDriver: chrome on WINDOWS (426f6dfcd2a39c938fc8352fd2e03d3a)] -&gt; id: btnAddUser]
Session ID: 426f6dfcd2a39c938fc8352fd2e03d3a" type="org.openqa.selenium.ElementClickInterceptedException">
      <![CDATA[org.openqa.selenium.ElementClickInterceptedException: element click intercepted: Element <button id="btnAddUser" style="height: 30px; margin-left: 20px; float: right;">...</button> is not clickable at point (982, 148). Other element would receive the click: <div id="loader" class="overlay-class" style="display: block;">...</div>
  (Session info: chrome=109.0.5414.120)
Build info: version: '4.7.2', revision: '4d4020c3b7'
System info: os.name: 'Windows 10', os.arch: 'amd64', os.version: '10.0', java.version: '17.0.5'
Driver info: org.openqa.selenium.chrome.ChromeDriver
Command: [426f6dfcd2a39c938fc8352fd2e03d3a, clickElement {id=b24a9c0f-cb43-4340-859b-b759cb8b819e}]
Capabilities {acceptInsecureCerts: false, browserName: chrome, browserVersion: 109.0.5414.120, chrome: {chromedriverVersion: 109.0.5414.74 (e7c5703604da..., userDataDir: C:\Users\AJINKY~1\AppData\L...}, goog:chromeOptions: {debuggerAddress: localhost:50131}, networkConnectionEnabled: false, pageLoadStrategy: normal, platformName: WINDOWS, proxy: Proxy(), se:cdp: ws://localhost:50131/devtoo..., se:cdpVersion: 109.0.5414.120, setWindowRect: true, strictFileInteractability: false, timeouts: {implicit: 0, pageLoad: 300000, script: 30000}, unhandledPromptBehavior: dismiss and notify, webauthn:extension:credBlob: true, webauthn:extension:largeBlob: true, webauthn:virtualAuthenticators: true}
Element: [[ChromeDriver: chrome on WINDOWS (426f6dfcd2a39c938fc8352fd2e03d3a)] -> id: btnAddUser]
Session ID: 426f6dfcd2a39c938fc8352fd2e03d3a
at java.base/jdk.internal.reflect.NativeConstructorAccessorImpl.newInstance0(Native Method)
at java.base/jdk.internal.reflect.NativeConstructorAccessorImpl.newInstance(NativeConstructorAccessorImpl.java:77)
at java.base/jdk.internal.reflect.DelegatingConstructorAccessorImpl.newInstance(DelegatingConstructorAccessorImpl.java:45)
at java.base/java.lang.reflect.Constructor.newInstanceWithCaller(Constructor.java:499)
at java.base/java.lang.reflect.Constructor.newInstance(Constructor.java:480)
at org.openqa.selenium.remote.codec.w3c.W3CHttpResponseCodec.createException(W3CHttpResponseCodec.java:200)
at org.openqa.selenium.remote.codec.w3c.W3CHttpResponseCodec.decode(W3CHttpResponseCodec.java:133)
at org.openqa.selenium.remote.codec.w3c.W3CHttpResponseCodec.decode(W3CHttpResponseCodec.java:53)
at org.openqa.selenium.remote.HttpCommandExecutor.execute(HttpCommandExecutor.java:184)
at org.openqa.selenium.remote.service.DriverCommandExecutor.invokeExecute(DriverCommandExecutor.java:167)
at org.openqa.selenium.remote.service.DriverCommandExecutor.execute(DriverCommandExecutor.java:142)
at org.openqa.selenium.remote.RemoteWebDriver.execute(RemoteWebDriver.java:535)
at org.openqa.selenium.remote.RemoteWebElement.execute(RemoteWebElement.java:257)
at org.openqa.selenium.remote.RemoteWebElement.click(RemoteWebElement.java:78)
at jdk.internal.reflect.GeneratedMethodAccessor2.invoke(Unknown Source)
at java.base/jdk.internal.reflect.DelegatingMethodAccessorImpl.invoke(DelegatingMethodAccessorImpl.java:43)
at java.base/java.lang.reflect.Method.invoke(Method.java:568)
at org.openqa.selenium.support.pagefactory.internal.LocatingElementHandler.invoke(LocatingElementHandler.java:52)
at jdk.proxy2/jdk.proxy2.$Proxy17.click(Unknown Source)
at pages.HomePage.click_on_user(HomePage.java:29)
at test.UserPageTest.init(UserPageTest.java:27)
at java.base/jdk.internal.reflect.NativeMethodAccessorImpl.invoke0(Native Method)
at java.base/jdk.internal.reflect.NativeMethodAccessorImpl.invoke(NativeMethodAccessorImpl.java:77)
at java.base/jdk.internal.reflect.DelegatingMethodAccessorImpl.invoke(DelegatingMethodAccessorImpl.java:43)
at java.base/java.lang.reflect.Method.invoke(Method.java:568)
at org.testng.internal.invokers.MethodInvocationHelper.invokeMethod(MethodInvocationHelper.java:139)
at org.testng.internal.invokers.MethodInvocationHelper.invokeMethodConsideringTimeout(MethodInvocationHelper.java:69)
at org.testng.internal.invokers.ConfigInvoker.invokeConfigurationMethod(ConfigInvoker.java:361)
at org.testng.internal.invokers.ConfigInvoker.invokeConfigurations(ConfigInvoker.java:296)
at org.testng.internal.invokers.TestInvoker.runConfigMethods(TestInvoker.java:823)
at org.testng.internal.invokers.TestInvoker.invokeMethod(TestInvoker.java:590)
at org.testng.internal.invokers.TestInvoker.invokeTestMethod(TestInvoker.java:221)
at org.testng.internal.invokers.MethodRunner.runInSequence(MethodRunner.java:50)
at org.testng.internal.invokers.TestInvoker$MethodInvocationAgent.invoke(TestInvoker.java:969)
at org.testng.internal.invokers.TestInvoker.invokeTestMethods(TestInvoker.java:194)
at org.testng.internal.invokers.TestMethodWorker.invokeTestMethods(TestMethodWorker.java:148)
at org.testng.internal.invokers.TestMethodWorker.run(TestMethodWorker.java:128)
at java.base/java.util.ArrayList.forEach(ArrayList.java:1511)
at org.testng.TestRunner.privateRun(TestRunner.java:829)
at org.testng.TestRunner.run(TestRunner.java:602)
at org.testng.SuiteRunner.runTest(SuiteRunner.java:437)
at org.testng.SuiteRunner.runSequentially(SuiteRunner.java:431)
at org.testng.SuiteRunner.privateRun(SuiteRunner.java:391)
at org.testng.SuiteRunner.run(SuiteRunner.java:330)
at org.testng.SuiteRunnerWorker.runSuite(SuiteRunnerWorker.java:52)
at org.testng.SuiteRunnerWorker.run(SuiteRunnerWorker.java:95)
at org.testng.TestNG.runSuitesSequentially(TestNG.java:1256)
at org.testng.TestNG.runSuitesLocally(TestNG.java:1176)
at org.testng.TestNG.runSuites(TestNG.java:1099)
at org.testng.TestNG.run(TestNG.java:1067)
at org.testng.remote.AbstractRemoteTestNG.run(AbstractRemoteTestNG.java:115)
at org.testng.remote.RemoteTestNG.initAndRun(RemoteTestNG.java:251)
at org.testng.remote.RemoteTestNG.main(RemoteTestNG.java:77)
]]>
    </error>
  </testcase> <!-- init -->
  <system-out/>
  <testcase classname="test.UserPageTest" name="validate_save_btn_with_2_mandetory_field" time="11.476"/>
  <system-out/>
  <testcase classname="test.UserPageTest" name="validate_save_btn_with_blank_field" time="4.216"/>
  <system-out/>
  <testcase classname="test.UserPageTest" name="validateEditBtn_withInvalidData" time="0.000">
    <skipped/>
  </testcase> <!-- validateEditBtn_withInvalidData -->
  <system-out/>
  <testcase classname="test.UserPageTest" name="validateDropDown" time="0.000">
    <skipped/>
  </testcase> <!-- validateDropDown -->
  <system-out/>
  <testcase classname="test.UserPageTest" name="validateSearchBarClrBtn" time="0.002">
    <skipped/>
  </testcase> <!-- validateSearchBarClrBtn -->
  <system-out/>
  <testcase classname="test.UserPageTest" name="validateResetPwd" time="0.000">
    <skipped/>
  </testcase> <!-- validateResetPwd -->
  <system-out/>
  <testcase classname="test.UserPageTest" name="validateDeleteBtn" time="0.000">
    <skipped/>
  </testcase> <!-- validateDeleteBtn -->
  <system-out/>
  <testcase classname="test.UserPageTest" name="validateDeleteBtn_Cancel" time="0.000">
    <skipped/>
  </testcase> <!-- validateDeleteBtn_Cancel -->
  <system-out/>
  <testcase classname="test.UserPageTest" name="validateBackBtn" time="0.000">
    <skipped/>
  </testcase> <!-- validateBackBtn -->
  <system-out/>
  <testcase classname="test.UserPageTest" name="validatePagination">
    <skipped/>
  </testcase> <!-- validatePagination -->
  <system-out/>
  <testcase classname="test.UserPageTest" name="validateEditBtn_withvalidData_and_Update">
    <skipped/>
  </testcase> <!-- validateEditBtn_withvalidData_and_Update -->
  <system-out/>
</testsuite> <!-- test.UserPageTest -->
