<?xml version="1.0" encoding="UTF-8"?>
<!-- Generated by org.testng.reporters.JUnitReportReporter -->
<testsuite hostname="DESKTOP-7MK4EF7" failures="0" tests="5" name="test.DashboardPageTest" time="25.290" errors="0" timestamp="2023-01-30T14:16:18 IST" skipped="4">
  <testcase classname="test.DashboardPageTest" name="export_n_branchcodemapping_button_test" time="25.290"/>
  <system-out/>
  <testcase classname="test.DashboardPageTest" name="compliance_tab_test">
    <skipped/>
  </testcase> <!-- compliance_tab_test -->
  <system-out/>
  <testcase classname="test.DashboardPageTest" name="upcoming_tab_test">
    <skipped/>
  </testcase> <!-- upcoming_tab_test -->
  <system-out/>
  <testcase classname="test.DashboardPageTest" name="clear_filter_button_test">
    <skipped/>
  </testcase> <!-- clear_filter_button_test -->
  <system-out/>
  <testcase classname="test.DashboardPageTest" name="upcomingtab_clear_filter_button_test">
    <skipped/>
  </testcase> <!-- upcomingtab_clear_filter_button_test -->
  <system-out/>
</testsuite> <!-- test.DashboardPageTest -->
