<?xml version="1.0" encoding="UTF-8"?>
<!-- Generated by org.testng.reporters.JUnitReportReporter -->
<testsuite hostname="DESKTOP-7MK4EF7" failures="0" tests="4" name="test.EntitiesPageTest" time="20.002" errors="0" timestamp="2023-01-23T17:14:53 IST" skipped="3">
  <testcase classname="test.EntitiesPageTest" name="proceedbtn_click_test" time="20.002"/>
  <system-out/>
  <testcase classname="test.EntitiesPageTest" name="entities_search_test">
    <skipped/>
  </testcase> <!-- entities_search_test -->
  <system-out/>
  <testcase classname="test.EntitiesPageTest" name="logout_action_test">
    <skipped/>
  </testcase> <!-- logout_action_test -->
  <system-out/>
  <testcase classname="test.EntitiesPageTest" name="logo_test">
    <skipped/>
  </testcase> <!-- logo_test -->
  <system-out/>
</testsuite> <!-- test.EntitiesPageTest -->
