<?xml version="1.0" encoding="UTF-8"?>
<!-- Generated by org.testng.reporters.JUnitReportReporter -->
<testsuite hostname="DESKTOP-U3S0M86" failures="0" tests="5" name="test.LoginPageTest" time="67.227" errors="0" timestamp="2023-02-04T15:07:04 IST" skipped="0">
  <testcase classname="test.LoginPageTest" name="validateLoginWithValidCre" time="34.282"/>
  <system-out/>
  <testcase classname="test.LoginPageTest" name="validateLoginWithInvPass" time="6.432"/>
  <system-out/>
  <testcase classname="test.LoginPageTest" name="validateLoginWithInvUn" time="15.301"/>
  <system-out/>
  <testcase classname="test.LoginPageTest" name="validateLoginWithInvUNandPWD" time="7.136"/>
  <system-out/>
  <testcase classname="test.LoginPageTest" name="validateLoginHelp" time="4.076"/>
  <system-out/>
</testsuite> <!-- test.LoginPageTest -->
