<?xml version="1.0" encoding="UTF-8"?>
<!-- Generated by org.testng.reporters.JUnitReportReporter -->
<testsuite hostname="DESKTOP-U3S0M86" failures="0" tests="3" name="test.HomePageTest" time="18.556" errors="0" timestamp="2023-01-31T15:34:31 IST" skipped="2">
  <testcase classname="test.HomePageTest" name="validateCorporateBtn" time="18.556"/>
  <system-out/>
  <testcase classname="test.HomePageTest" name="validateUserBtn">
    <skipped/>
  </testcase> <!-- validateUserBtn -->
  <system-out/>
  <testcase classname="test.HomePageTest" name="validateLogoutTest">
    <skipped/>
  </testcase> <!-- validateLogoutTest -->
  <system-out/>
</testsuite> <!-- test.HomePageTest -->
