<?xml version="1.0" encoding="UTF-8"?>
<!-- Generated by org.testng.reporters.JUnitReportReporter -->
<testsuite hostname="DESKTOP-7MK4EF7" failures="0" tests="3" name="test.CorporateEntityPageTest" time="19.398" errors="0" timestamp="2023-01-23T11:58:02 IST" skipped="2">
  <testcase classname="test.CorporateEntityPageTest" name="back_btn_click_test" time="19.398"/>
  <system-out/>
  <testcase classname="test.CorporateEntityPageTest" name="entity_delete_test">
    <skipped/>
  </testcase> <!-- entity_delete_test -->
  <system-out/>
  <testcase classname="test.CorporateEntityPageTest" name="corporate_nsearch_test">
    <skipped/>
  </testcase> <!-- corporate_nsearch_test -->
  <system-out/>
</testsuite> <!-- test.CorporateEntityPageTest -->
