<?xml version="1.0" encoding="UTF-8"?>
<!-- Generated by org.testng.reporters.JUnitReportReporter -->
<testsuite hostname="DESKTOP-U3S0M86" failures="0" tests="5" name="test.LoginPageTest" time="17.054" errors="0" timestamp="2023-01-25T15:00:47 IST" skipped="4">
  <testcase classname="test.LoginPageTest" name="validateLoginHelp" time="17.054"/>
  <system-out/>
  <testcase classname="test.LoginPageTest" name="validateLoginWithInvUNandPWD">
    <skipped/>
  </testcase> <!-- validateLoginWithInvUNandPWD -->
  <system-out/>
  <testcase classname="test.LoginPageTest" name="validateLoginWithValidCre">
    <skipped/>
  </testcase> <!-- validateLoginWithValidCre -->
  <system-out/>
  <testcase classname="test.LoginPageTest" name="validateLoginWithInvUn">
    <skipped/>
  </testcase> <!-- validateLoginWithInvUn -->
  <system-out/>
  <testcase classname="test.LoginPageTest" name="validateLoginWithInvPass">
    <skipped/>
  </testcase> <!-- validateLoginWithInvPass -->
<testsuite hostname="DESKTOP-7MK4EF7" failures="0" tests="1" name="test.LoginPageTest" time="62.929" errors="0" timestamp="2023-01-11T17:55:27 IST" skipped="0">
  <testcase classname="test.LoginPageTest" name="loginTest" time="62.929"/>
  <system-out/>
</testsuite> <!-- test.LoginPageTest -->
