<?xml version="1.0" encoding="UTF-8"?>
<!-- Generated by org.testng.reporters.JUnitReportReporter -->
<testsuite hostname="DESKTOP-U3S0M86" failures="0" tests="11" name="test.UserPageTest" time="168.115" errors="0" timestamp="2023-02-02T23:27:45 IST" skipped="1">
  <testcase classname="test.UserPageTest" name="validate_save_btn_with_2_mandetory_field" time="16.870"/>
  <system-out/>
  <testcase classname="test.UserPageTest" name="validate_save_btn_with_blank_field" time="14.880"/>
  <system-out/>
  <testcase classname="test.UserPageTest" name="validateEditBtn_withvalidData_and_Update" time="12.395"/>
  <system-out/>
  <testcase classname="test.UserPageTest" name="validateEditBtn_withInvalidData" time="14.971"/>
  <system-out/>
  <testcase classname="test.UserPageTest" name="validateDropDown" time="19.213"/>
  <system-out/>
  <testcase classname="test.UserPageTest" name="validateSearchBarClrBtn" time="24.460"/>
  <system-out/>
  <testcase classname="test.UserPageTest" name="validateResetPwd" time="12.173"/>
  <system-out/>
  <testcase classname="test.UserPageTest" name="validateDeleteBtn" time="23.560"/>
  <system-out/>
  <testcase classname="test.UserPageTest" name="validateDeleteBtn_Cancel" time="17.464"/>
  <system-out/>
  <testcase classname="test.UserPageTest" name="validateBackBtn" time="12.129"/>
  <system-out/>
  <testcase classname="test.UserPageTest" name="validatePagination">
    <skipped/>
  </testcase> <!-- validatePagination -->
  <system-out/>
</testsuite> <!-- test.UserPageTest -->
